[Qase][17:20:49][debug] Config: {
    "debug": true,
    "environment": "local",
    "exclude_params": [],
    "execution_plan": {
        "path": "./build/qase-execution-plan.json"
    },
    "fallback": "report",
    "framework": {
        "playwright": {
            "output_dir": "test-results",
            "trace": "off",
            "video": "off"
        },
        "pytest": {
            "capture_logs": true,
            "xfail_status": {
                "xfail": "skipped",
                "xpass": "passed"
            }
        }
    },
    "mode": "testops",
    "profilers": [
        "network",
        "sleep"
    ],
    "report": {
        "connection": {
            "format": "json",
            "path": "./build/qase-report"
        },
        "driver": "local"
    },
    "testops": {
        "api": {
            "host": "qase.io",
            "token": "7b2c180e4c96555e7e77d2f18e51cef2c4a0ad40ff94ef60f212c72826973cdd"
        },
        "batch": {
            "size": 100
        },
        "defect": false,
        "plan": {},
        "project": "TD",
        "run": {
            "complete": true,
            "id": 115,
            "tags": [],
            "title": "pytestrun"
        }
    }
}
[Qase][17:20:50][debug] Host data: {'system': 'darwin', 'machineName': 'Ankitas-MacBook-Air.local', 'release': '24.5.0', 'version': '15.5', 'arch': 'arm64', 'python': '3.13.3', 'pip': '24.3.1', 'framework': '8.3.4', 'reporter': '6.3.3', 'commons': '3.5.0', 'apiClientV1': '1.2.1', 'apiClientV2': '1.2.1'}
[Qase][17:20:50][debug] Preparing API client
[Qase][17:20:50][debug] API client prepared
[Qase][17:20:50][debug] Preparing API V2 client
[Qase][17:20:50][debug] API V2 client prepared
[Qase][17:20:50][debug] Getting environment local
[Qase][17:20:52][debug] Environment local not found
[Qase][17:20:52][debug] Getting project TD
[Qase][17:20:52][debug] Project TD found: {"title": "test-demo", "code": "TD", "counts": {"cases": 100, "suites": 62, "milestones": 0, "runs": {"total": 112, "active": 59}, "defects": {"total": 0, "open": 0}}}
[Qase][17:20:52][debug] Starting run
[Qase][17:20:54][debug] Run ID: 115
[Qase][17:20:54][debug] Completing run
[Qase][17:20:54][debug] Completing run 115
[Qase][17:20:55][debug] Run 115 already completed
[Qase][17:20:55][debug] Run completed
[Qase][17:20:55][info] Overhead for Qase Report: 2320ms
