[Qase][12:20:46][debug] Config: {
    "debug": true,
    "environment": "local",
    "execution_plan": {
        "path": "./build/qase-execution-plan.json"
    },
    "fallback": {
        "__objclass__": "{'_generate_next_value_': <staticmethod(<function Enum._generate_next_value_ at 0x104b15080>)>, '__module__': 'qase.commons.models.config.qaseconfig', '__firstlineno__': 10, '__static_attributes__': (), '_new_member_': <built-in method __new__ of type object at 0x1053cf9b0>, '_use_args_': False, '_member_names_': ['testops', 'report', 'off'], '_member_map_': {'testops': <Mode.testops: 'testops'>, 'report': <Mode.report: 'report'>, 'off': <Mode.off: 'off'>}, '_value2member_map_': {'testops': <Mode.testops: 'testops'>, 'report': <Mode.report: 'report'>, 'off': <Mode.off: 'off'>}, '_hashable_values_': ['testops', 'report', 'off'], '_unhashable_values_': [], '_unhashable_values_map_': {}, '_member_type_': <class 'object'>, '_value_repr_': None, '__doc__': None, 'testops': <Mode.testops: 'testops'>, 'report': <Mode.report: 'report'>, 'off': <Mode.off: 'off'>, '__new__': <function Enum.__new__ at 0x104b14e00>}",
        "_name_": "report",
        "_sort_order_": 1,
        "_value_": "report"
    },
    "framework": {
        "playwright": {
            "output_dir": "test-results",
            "trace": {
                "__objclass__": "{'_generate_next_value_': <staticmethod(<function Enum._generate_next_value_ at 0x104b15080>)>, '__module__': 'qase.commons.models.config.framework', '__firstlineno__': 14, '__static_attributes__': (), '_new_member_': <built-in method __new__ of type object at 0x1053cf9b0>, '_use_args_': False, '_member_names_': ['off', 'on', 'failed'], '_member_map_': {'off': <Trace.off: 'off'>, 'on': <Trace.on: 'on'>, 'failed': <Trace.failed: 'retain-on-failure'>}, '_value2member_map_': {'off': <Trace.off: 'off'>, 'on': <Trace.on: 'on'>, 'retain-on-failure': <Trace.failed: 'retain-on-failure'>}, '_hashable_values_': ['off', 'on', 'retain-on-failure'], '_unhashable_values_': [], '_unhashable_values_map_': {}, '_member_type_': <class 'object'>, '_value_repr_': None, '__doc__': None, 'off': <Trace.off: 'off'>, 'on': <Trace.on: 'on'>, 'failed': <Trace.failed: 'retain-on-failure'>, '__new__': <function Enum.__new__ at 0x104b14e00>}",
                "_name_": "off",
                "_sort_order_": 0,
                "_value_": "off"
            },
            "video": {
                "__objclass__": "{'_generate_next_value_': <staticmethod(<function Enum._generate_next_value_ at 0x104b15080>)>, '__module__': 'qase.commons.models.config.framework', '__firstlineno__': 8, '__static_attributes__': (), '_new_member_': <built-in method __new__ of type object at 0x1053cf9b0>, '_use_args_': False, '_member_names_': ['off', 'on', 'failed'], '_member_map_': {'off': <Video.off: 'off'>, 'on': <Video.on: 'on'>, 'failed': <Video.failed: 'retain-on-failure'>}, '_value2member_map_': {'off': <Video.off: 'off'>, 'on': <Video.on: 'on'>, 'retain-on-failure': <Video.failed: 'retain-on-failure'>}, '_hashable_values_': ['off', 'on', 'retain-on-failure'], '_unhashable_values_': [], '_unhashable_values_map_': {}, '_member_type_': <class 'object'>, '_value_repr_': None, '__doc__': None, 'off': <Video.off: 'off'>, 'on': <Video.on: 'on'>, 'failed': <Video.failed: 'retain-on-failure'>, '__new__': <function Enum.__new__ at 0x104b14e00>}",
                "_name_": "off",
                "_sort_order_": 0,
                "_value_": "off"
            }
        },
        "pytest": {
            "capture_logs": true,
            "xfail_status": {
                "xfail": "skipped",
                "xpass": "passed"
            }
        }
    },
    "mode": {
        "__objclass__": "{'_generate_next_value_': <staticmethod(<function Enum._generate_next_value_ at 0x104b15080>)>, '__module__': 'qase.commons.models.config.qaseconfig', '__firstlineno__': 10, '__static_attributes__': (), '_new_member_': <built-in method __new__ of type object at 0x1053cf9b0>, '_use_args_': False, '_member_names_': ['testops', 'report', 'off'], '_member_map_': {'testops': <Mode.testops: 'testops'>, 'report': <Mode.report: 'report'>, 'off': <Mode.off: 'off'>}, '_value2member_map_': {'testops': <Mode.testops: 'testops'>, 'report': <Mode.report: 'report'>, 'off': <Mode.off: 'off'>}, '_hashable_values_': ['testops', 'report', 'off'], '_unhashable_values_': [], '_unhashable_values_map_': {}, '_member_type_': <class 'object'>, '_value_repr_': None, '__doc__': None, 'testops': <Mode.testops: 'testops'>, 'report': <Mode.report: 'report'>, 'off': <Mode.off: 'off'>, '__new__': <function Enum.__new__ at 0x104b14e00>}",
        "_name_": "testops",
        "_sort_order_": 0,
        "_value_": "testops"
    },
    "profilers": [
        "network",
        "sleep"
    ],
    "report": {
        "connection": {
            "format": {
                "__objclass__": "{'_generate_next_value_': <staticmethod(<function Enum._generate_next_value_ at 0x104b15080>)>, '__module__': 'qase.commons.models.config.connection', '__firstlineno__': 6, '__static_attributes__': (), '_new_member_': <built-in method __new__ of type object at 0x1053cf9b0>, '_use_args_': False, '_member_names_': ['json', 'jsonp'], '_member_map_': {'json': <Format.json: 'json'>, 'jsonp': <Format.jsonp: 'jsonp'>}, '_value2member_map_': {'json': <Format.json: 'json'>, 'jsonp': <Format.jsonp: 'jsonp'>}, '_hashable_values_': ['json', 'jsonp'], '_unhashable_values_': [], '_unhashable_values_map_': {}, '_member_type_': <class 'object'>, '_value_repr_': None, '__doc__': None, 'json': <Format.json: 'json'>, 'jsonp': <Format.jsonp: 'jsonp'>, '__new__': <function Enum.__new__ at 0x104b14e00>}",
                "_name_": "json",
                "_sort_order_": 0,
                "_value_": "json"
            },
            "path": "./build/qase-report"
        },
        "driver": {
            "__objclass__": "{'_generate_next_value_': <staticmethod(<function Enum._generate_next_value_ at 0x104b15080>)>, '__module__': 'qase.commons.models.config.report', '__firstlineno__': 7, '__static_attributes__': (), '_new_member_': <built-in method __new__ of type object at 0x1053cf9b0>, '_use_args_': False, '_member_names_': ['local'], '_member_map_': {'local': <Driver.local: 'local'>}, '_value2member_map_': {'local': <Driver.local: 'local'>}, '_hashable_values_': ['local'], '_unhashable_values_': [], '_unhashable_values_map_': {}, '_member_type_': <class 'object'>, '_value_repr_': None, '__doc__': None, 'local': <Driver.local: 'local'>, '__new__': <function Enum.__new__ at 0x104b14e00>}",
            "_name_": "local",
            "_sort_order_": 0,
            "_value_": "local"
        }
    },
    "testops": {
        "api": {
            "host": "qase.io",
            "token": "7b2c180e4c96555e7e77d2f18e51cef2c4a0ad40ff94ef60f212c72826973cdd"
        },
        "batch": {
            "size": 100
        },
        "defect": false,
        "plan": {},
        "project": "TD",
        "run": {
            "complete": true,
            "title": "pytestrun"
        },
        "use_v2": true
    }
}
[Qase][12:20:46][debug] Preparing API client
[Qase][12:20:46][debug] API client prepared
[Qase][12:20:46][debug] Preparing API V2 client
[Qase][12:20:46][debug] API V2 client prepared
[Qase][12:20:46][debug] Getting environment local
[Qase][12:20:48][debug] Environment local not found
[Qase][12:20:48][debug] Getting project TD
[Qase][12:20:48][debug] Project TD found: {"title": "test-demo", "code": "TD", "counts": {"cases": 94, "suites": 59, "milestones": 0, "runs": {"total": 101, "active": 58}, "defects": {"total": 0, "open": 0}}}
[Qase][12:20:48][debug] Starting run
[Qase][12:20:48][debug] Creating test run with parameters: {'title': 'pytestrun', 'description': 'Automated Run 2025-06-02 12:20:48.532590', 'environment_id': None, 'plan_id': None, 'is_autotest': True}
[Qase][12:20:49][debug] Run ID: 105
[Qase][12:20:56][debug] Adding result {
    "attachments": [],
    "author": null,
    "execution": {
        "duration": 6588,
        "end_time": 1748847056.4107609,
        "stacktrace": null,
        "start_time": 1748847049.8218482,
        "status": "passed",
        "thread": "25416-MainThread"
    },
    "fields": {},
    "id": "899af608-f7fb-4cb4-bab2-7bd202aab9a4",
    "message": null,
    "muted": false,
    "param_groups": [],
    "params": {
        "browser_name": "chromium"
    },
    "relations": {
        "suite": {
            "data": [
                {
                    "public_id": null,
                    "title": "tests"
                },
                {
                    "public_id": null,
                    "title": "test_example"
                }
            ]
        }
    },
    "run_id": null,
    "signature": "tests::test_example.py::test_playwright_page_duplication[chromium]::[1]::{browser_name:chromium}",
    "steps": [],
    "testops_id": [
        1
    ],
    "title": "test_playwright_page_duplication"
}
[Qase][12:20:56][debug] Result test_playwright_page_duplication added
[Qase][12:20:56][debug] Completing run
[Qase][12:20:56][debug] Prepared result: {"title": "test_playwright_page_duplication", "signature": "tests::test_example.py::test_playwright_page_duplication[chromium]::[1]::{browser_name:chromium}", "testops_id": 1, "execution": {"status": "passed", "duration": 6588, "thread": "25416-MainThread", "stacktrace": null}, "fields": {}, "attachments": [], "steps": [], "steps_type": "classic", "params": {"browser_name": "chromium"}, "param_groups": [], "relations": {"suite": {"data": [{"title": "tests"}, {"title": "test_example"}]}}, "defect": false, "message": null}
[Qase][12:20:56][debug] Sending results for run 105: [ResultCreate(id=None, title='test_playwright_page_duplication', signature='tests::test_example.py::test_playwright_page_duplication[chromium]::[1]::{browser_name:chromium}', testops_id=1, execution=ResultExecution(start_time=None, end_time=None, status='passed', duration=6588, stacktrace=None, thread='25416-MainThread'), fields=ResultCreateFields(author=None, description=None, preconditions=None, postconditions=None, layer=None, severity=None, priority=None, behavior=None, type=None, muted=None, is_flaky=None, additional_properties={}), attachments=[], steps=[], steps_type=<ResultStepsType.CLASSIC: 'classic'>, params={'browser_name': 'chromium'}, param_groups=[], relations=ResultRelations(suite=RelationSuite(data=[RelationSuiteItem(title='tests', public_id=None), RelationSuiteItem(title='test_example', public_id=None)])), message=None, defect=False)]
[Qase][12:20:58][debug] Results for run 105 sent successfully
[Qase][12:20:58][debug] Completing run 105
[Qase][12:20:59][info] Test run link: https://app.qase.io/run/TD/dashboard/105
[Qase][12:20:59][debug] Run completed
[Qase][12:20:59][info] Overhead for Qase Report: 3903ms
[Qase][12:23:07][debug] Config: {
    "debug": true,
    "environment": "local",
    "execution_plan": {
        "path": "./build/qase-execution-plan.json"
    },
    "fallback": {
        "__objclass__": "{'_generate_next_value_': <staticmethod(<function Enum._generate_next_value_ at 0x102e41080>)>, '__module__': 'qase.commons.models.config.qaseconfig', '__firstlineno__': 10, '__static_attributes__': (), '_new_member_': <built-in method __new__ of type object at 0x1039239b0>, '_use_args_': False, '_member_names_': ['testops', 'report', 'off'], '_member_map_': {'testops': <Mode.testops: 'testops'>, 'report': <Mode.report: 'report'>, 'off': <Mode.off: 'off'>}, '_value2member_map_': {'testops': <Mode.testops: 'testops'>, 'report': <Mode.report: 'report'>, 'off': <Mode.off: 'off'>}, '_hashable_values_': ['testops', 'report', 'off'], '_unhashable_values_': [], '_unhashable_values_map_': {}, '_member_type_': <class 'object'>, '_value_repr_': None, '__doc__': None, 'testops': <Mode.testops: 'testops'>, 'report': <Mode.report: 'report'>, 'off': <Mode.off: 'off'>, '__new__': <function Enum.__new__ at 0x102e40e00>}",
        "_name_": "report",
        "_sort_order_": 1,
        "_value_": "report"
    },
    "framework": {
        "playwright": {
            "output_dir": "test-results",
            "trace": {
                "__objclass__": "{'_generate_next_value_': <staticmethod(<function Enum._generate_next_value_ at 0x102e41080>)>, '__module__': 'qase.commons.models.config.framework', '__firstlineno__': 14, '__static_attributes__': (), '_new_member_': <built-in method __new__ of type object at 0x1039239b0>, '_use_args_': False, '_member_names_': ['off', 'on', 'failed'], '_member_map_': {'off': <Trace.off: 'off'>, 'on': <Trace.on: 'on'>, 'failed': <Trace.failed: 'retain-on-failure'>}, '_value2member_map_': {'off': <Trace.off: 'off'>, 'on': <Trace.on: 'on'>, 'retain-on-failure': <Trace.failed: 'retain-on-failure'>}, '_hashable_values_': ['off', 'on', 'retain-on-failure'], '_unhashable_values_': [], '_unhashable_values_map_': {}, '_member_type_': <class 'object'>, '_value_repr_': None, '__doc__': None, 'off': <Trace.off: 'off'>, 'on': <Trace.on: 'on'>, 'failed': <Trace.failed: 'retain-on-failure'>, '__new__': <function Enum.__new__ at 0x102e40e00>}",
                "_name_": "off",
                "_sort_order_": 0,
                "_value_": "off"
            },
            "video": {
                "__objclass__": "{'_generate_next_value_': <staticmethod(<function Enum._generate_next_value_ at 0x102e41080>)>, '__module__': 'qase.commons.models.config.framework', '__firstlineno__': 8, '__static_attributes__': (), '_new_member_': <built-in method __new__ of type object at 0x1039239b0>, '_use_args_': False, '_member_names_': ['off', 'on', 'failed'], '_member_map_': {'off': <Video.off: 'off'>, 'on': <Video.on: 'on'>, 'failed': <Video.failed: 'retain-on-failure'>}, '_value2member_map_': {'off': <Video.off: 'off'>, 'on': <Video.on: 'on'>, 'retain-on-failure': <Video.failed: 'retain-on-failure'>}, '_hashable_values_': ['off', 'on', 'retain-on-failure'], '_unhashable_values_': [], '_unhashable_values_map_': {}, '_member_type_': <class 'object'>, '_value_repr_': None, '__doc__': None, 'off': <Video.off: 'off'>, 'on': <Video.on: 'on'>, 'failed': <Video.failed: 'retain-on-failure'>, '__new__': <function Enum.__new__ at 0x102e40e00>}",
                "_name_": "off",
                "_sort_order_": 0,
                "_value_": "off"
            }
        },
        "pytest": {
            "capture_logs": true,
            "xfail_status": {
                "xfail": "skipped",
                "xpass": "passed"
            }
        }
    },
    "mode": {
        "__objclass__": "{'_generate_next_value_': <staticmethod(<function Enum._generate_next_value_ at 0x102e41080>)>, '__module__': 'qase.commons.models.config.qaseconfig', '__firstlineno__': 10, '__static_attributes__': (), '_new_member_': <built-in method __new__ of type object at 0x1039239b0>, '_use_args_': False, '_member_names_': ['testops', 'report', 'off'], '_member_map_': {'testops': <Mode.testops: 'testops'>, 'report': <Mode.report: 'report'>, 'off': <Mode.off: 'off'>}, '_value2member_map_': {'testops': <Mode.testops: 'testops'>, 'report': <Mode.report: 'report'>, 'off': <Mode.off: 'off'>}, '_hashable_values_': ['testops', 'report', 'off'], '_unhashable_values_': [], '_unhashable_values_map_': {}, '_member_type_': <class 'object'>, '_value_repr_': None, '__doc__': None, 'testops': <Mode.testops: 'testops'>, 'report': <Mode.report: 'report'>, 'off': <Mode.off: 'off'>, '__new__': <function Enum.__new__ at 0x102e40e00>}",
        "_name_": "testops",
        "_sort_order_": 0,
        "_value_": "testops"
    },
    "profilers": [
        "network",
        "sleep"
    ],
    "report": {
        "connection": {
            "format": {
                "__objclass__": "{'_generate_next_value_': <staticmethod(<function Enum._generate_next_value_ at 0x102e41080>)>, '__module__': 'qase.commons.models.config.connection', '__firstlineno__': 6, '__static_attributes__': (), '_new_member_': <built-in method __new__ of type object at 0x1039239b0>, '_use_args_': False, '_member_names_': ['json', 'jsonp'], '_member_map_': {'json': <Format.json: 'json'>, 'jsonp': <Format.jsonp: 'jsonp'>}, '_value2member_map_': {'json': <Format.json: 'json'>, 'jsonp': <Format.jsonp: 'jsonp'>}, '_hashable_values_': ['json', 'jsonp'], '_unhashable_values_': [], '_unhashable_values_map_': {}, '_member_type_': <class 'object'>, '_value_repr_': None, '__doc__': None, 'json': <Format.json: 'json'>, 'jsonp': <Format.jsonp: 'jsonp'>, '__new__': <function Enum.__new__ at 0x102e40e00>}",
                "_name_": "json",
                "_sort_order_": 0,
                "_value_": "json"
            },
            "path": "./build/qase-report"
        },
        "driver": {
            "__objclass__": "{'_generate_next_value_': <staticmethod(<function Enum._generate_next_value_ at 0x102e41080>)>, '__module__': 'qase.commons.models.config.report', '__firstlineno__': 7, '__static_attributes__': (), '_new_member_': <built-in method __new__ of type object at 0x1039239b0>, '_use_args_': False, '_member_names_': ['local'], '_member_map_': {'local': <Driver.local: 'local'>}, '_value2member_map_': {'local': <Driver.local: 'local'>}, '_hashable_values_': ['local'], '_unhashable_values_': [], '_unhashable_values_map_': {}, '_member_type_': <class 'object'>, '_value_repr_': None, '__doc__': None, 'local': <Driver.local: 'local'>, '__new__': <function Enum.__new__ at 0x102e40e00>}",
            "_name_": "local",
            "_sort_order_": 0,
            "_value_": "local"
        }
    },
    "testops": {
        "api": {
            "host": "qase.io",
            "token": "7b2c180e4c96555e7e77d2f18e51cef2c4a0ad40ff94ef60f212c72826973cdd"
        },
        "batch": {
            "size": 100
        },
        "defect": false,
        "plan": {},
        "project": "TD",
        "run": {
            "complete": true,
            "id": 106,
            "title": "pytestrun"
        },
        "use_v2": true
    }
}
[Qase][12:23:07][debug] Preparing API client
[Qase][12:23:07][debug] API client prepared
[Qase][12:23:07][debug] Preparing API V2 client
[Qase][12:23:07][debug] API V2 client prepared
[Qase][12:23:07][debug] Getting environment local
[Qase][12:23:09][debug] Environment local not found
[Qase][12:23:09][debug] Getting project TD
[Qase][12:23:09][debug] Project TD found: {"title": "test-demo", "code": "TD", "counts": {"cases": 95, "suites": 60, "milestones": 0, "runs": {"total": 103, "active": 59}, "defects": {"total": 0, "open": 0}}}
[Qase][12:23:09][debug] Starting run
[Qase][12:23:10][debug] Run ID: 106
[Qase][12:23:18][debug] Adding result {
    "attachments": [],
    "author": null,
    "execution": {
        "duration": 7949,
        "end_time": 1748847198.0614588,
        "stacktrace": null,
        "start_time": 1748847190.111829,
        "status": "passed",
        "thread": "25548-MainThread"
    },
    "fields": {},
    "id": "b30d1a00-1118-4116-b995-53cc6cfd4dd3",
    "message": null,
    "muted": false,
    "param_groups": [],
    "params": {
        "browser_name": "chromium"
    },
    "relations": {
        "suite": {
            "data": [
                {
                    "public_id": null,
                    "title": "tests"
                },
                {
                    "public_id": null,
                    "title": "test_example"
                }
            ]
        }
    },
    "run_id": null,
    "signature": "tests::test_example.py::test_playwright_page_duplication[chromium]::[577]::{browser_name:chromium}",
    "steps": [],
    "testops_id": [
        577
    ],
    "title": "test_playwright_page_duplication"
}
[Qase][12:23:18][debug] Result test_playwright_page_duplication added
[Qase][12:23:18][debug] Completing run
[Qase][12:23:18][debug] Prepared result: {"title": "test_playwright_page_duplication", "signature": "tests::test_example.py::test_playwright_page_duplication[chromium]::[577]::{browser_name:chromium}", "testops_id": 577, "execution": {"status": "passed", "duration": 7949, "thread": "25548-MainThread", "stacktrace": null}, "fields": {}, "attachments": [], "steps": [], "steps_type": "classic", "params": {"browser_name": "chromium"}, "param_groups": [], "relations": {"suite": {"data": [{"title": "tests"}, {"title": "test_example"}]}}, "defect": false, "message": null}
[Qase][12:23:18][debug] Sending results for run 106: [ResultCreate(id=None, title='test_playwright_page_duplication', signature='tests::test_example.py::test_playwright_page_duplication[chromium]::[577]::{browser_name:chromium}', testops_id=577, execution=ResultExecution(start_time=None, end_time=None, status='passed', duration=7949, stacktrace=None, thread='25548-MainThread'), fields=ResultCreateFields(author=None, description=None, preconditions=None, postconditions=None, layer=None, severity=None, priority=None, behavior=None, type=None, muted=None, is_flaky=None, additional_properties={}), attachments=[], steps=[], steps_type=<ResultStepsType.CLASSIC: 'classic'>, params={'browser_name': 'chromium'}, param_groups=[], relations=ResultRelations(suite=RelationSuite(data=[RelationSuiteItem(title='tests', public_id=None), RelationSuiteItem(title='test_example', public_id=None)])), message=None, defect=False)]
[Qase][12:23:19][debug] Results for run 106 sent successfully
[Qase][12:23:19][debug] Completing run 106
[Qase][12:23:19][info] Test run link: https://app.qase.io/run/TD/dashboard/106
[Qase][12:23:19][debug] Run completed
[Qase][12:23:19][info] Overhead for Qase Report: 2401ms
[Qase][12:27:47][debug] Config: {
    "debug": true,
    "environment": "local",
    "execution_plan": {
        "path": "./build/qase-execution-plan.json"
    },
    "fallback": "report",
    "framework": {
        "playwright": {
            "output_dir": "test-results",
            "trace": "off",
            "video": "off"
        },
        "pytest": {
            "capture_logs": true,
            "xfail_status": {
                "xfail": "skipped",
                "xpass": "passed"
            }
        }
    },
    "mode": "testops",
    "profilers": [
        "network",
        "sleep"
    ],
    "report": {
        "connection": {
            "format": "json",
            "path": "./build/qase-report"
        },
        "driver": "local"
    },
    "testops": {
        "api": {
            "host": "qase.io",
            "token": "7b2c180e4c96555e7e77d2f18e51cef2c4a0ad40ff94ef60f212c72826973cdd"
        },
        "batch": {
            "size": 100
        },
        "defect": false,
        "plan": {},
        "project": "TD",
        "run": {
            "complete": true,
            "id": 107,
            "title": "pytestrun"
        }
    }
}
[Qase][12:27:48][debug] Host data: {'system': 'darwin', 'machineName': 'Ankitas-MacBook-Air.local', 'release': '24.5.0', 'version': '15.5', 'arch': 'arm64', 'python': '3.13.3', 'pip': '24.3.1', 'framework': '8.3.4', 'reporter': '6.3.2', 'commons': '3.4.4', 'apiClientV1': '1.2.1', 'apiClientV2': '1.2.1'}
[Qase][12:27:48][debug] Preparing API client
[Qase][12:27:48][debug] API client prepared
[Qase][12:27:48][debug] Preparing API V2 client
[Qase][12:27:48][debug] API V2 client prepared
[Qase][12:27:48][debug] Getting environment local
[Qase][12:27:57][debug] Environment local not found
[Qase][12:27:57][debug] Getting project TD
[Qase][12:27:59][debug] Project TD found: {"title": "test-demo", "code": "TD", "counts": {"cases": 95, "suites": 60, "milestones": 0, "runs": {"total": 104, "active": 59}, "defects": {"total": 0, "open": 0}}}
[Qase][12:27:59][debug] Starting run
[Qase][12:28:01][debug] Run ID: 107
[Qase][12:28:07][debug] Adding result {
    "attachments": [],
    "execution": {
        "duration": 6182,
        "end_time": 1748847487.6053052,
        "stacktrace": null,
        "start_time": 1748847481.423102,
        "status": "passed",
        "thread": "26131-MainThread"
    },
    "fields": {},
    "id": "202c3c37-7377-493e-ad0e-0cb0fef096f2",
    "message": null,
    "muted": false,
    "param_groups": [],
    "params": {
        "browser_name": "chromium"
    },
    "relations": {
        "suite": {
            "data": [
                {
                    "public_id": null,
                    "title": "tests"
                },
                {
                    "public_id": null,
                    "title": "test_example"
                }
            ]
        }
    },
    "signature": "tests::test_example.py::test_playwright_page_duplication[chromium]::577::{browser_name:chromium}",
    "steps": [],
    "testops_ids": [
        577
    ],
    "title": "test_playwright_page_duplication"
}
[Qase][12:28:07][debug] Result test_playwright_page_duplication added
[Qase][12:28:07][debug] Prepared result: {"title": "test_playwright_page_duplication", "signature": "tests::test_example.py::test_playwright_page_duplication[chromium]::577::{browser_name:chromium}", "testops_ids": [577], "execution": {"start_time": 1748847481.423102, "end_time": 1748847487.6053052, "status": "passed", "duration": 6182, "thread": "26131-MainThread", "stacktrace": null}, "fields": {}, "attachments": [], "steps": [], "steps_type": "classic", "params": {"browser_name": "chromium"}, "param_groups": [], "relations": {"suite": {"data": [{"title": "tests"}, {"title": "test_example"}]}}, "defect": false, "message": null}
[Qase][12:28:07][debug] Sending results for run 107: [ResultCreate(id=None, title='test_playwright_page_duplication', signature='tests::test_example.py::test_playwright_page_duplication[chromium]::577::{browser_name:chromium}', testops_id=None, testops_ids=[577], execution=ResultExecution(start_time=1748847481.423102, end_time=1748847487.6053052, status='passed', duration=6182, stacktrace=None, thread='26131-MainThread'), fields=ResultCreateFields(author=None, description=None, preconditions=None, postconditions=None, layer=None, severity=None, priority=None, behavior=None, type=None, muted=None, is_flaky=None, executed_by=None, additional_properties={}), attachments=[], steps=[], steps_type=<ResultStepsType.CLASSIC: 'classic'>, params={'browser_name': 'chromium'}, param_groups=[], relations=ResultRelations(suite=RelationSuite(data=[RelationSuiteItem(title='tests', public_id=None), RelationSuiteItem(title='test_example', public_id=None)])), message=None, defect=False)]
[Qase][12:28:09][debug] Results for run 107 sent successfully
[Qase][12:28:09][debug] Completing run
[Qase][12:28:09][debug] Completing run 107
[Qase][12:28:10][info] Test run link: https://app.qase.io/run/TD/dashboard/107
[Qase][12:28:10][debug] Run completed
[Qase][12:28:10][info] Overhead for Qase Report: 4781ms
[Qase][13:02:44][debug] Config: {
    "debug": true,
    "environment": "local",
    "execution_plan": {
        "path": "./build/qase-execution-plan.json"
    },
    "fallback": "report",
    "framework": {
        "playwright": {
            "output_dir": "test-results",
            "trace": "off",
            "video": "off"
        },
        "pytest": {
            "capture_logs": true,
            "xfail_status": {
                "xfail": "skipped",
                "xpass": "passed"
            }
        }
    },
    "mode": "testops",
    "profilers": [
        "network",
        "sleep"
    ],
    "report": {
        "connection": {
            "format": "json",
            "path": "./build/qase-report"
        },
        "driver": "local"
    },
    "testops": {
        "api": {
            "host": "qase.io",
            "token": "7b2c180e4c96555e7e77d2f18e51cef2c4a0ad40ff94ef60f212c72826973cdd"
        },
        "batch": {
            "size": 100
        },
        "defect": false,
        "plan": {},
        "project": "TD",
        "run": {
            "complete": true,
            "id": 107,
            "title": "pytestrun"
        }
    }
}
[Qase][13:02:45][debug] Host data: {'system': 'darwin', 'machineName': 'Ankitas-MacBook-Air.local', 'release': '24.5.0', 'version': '15.5', 'arch': 'arm64', 'python': '3.13.3', 'pip': '24.3.1', 'framework': '8.3.4', 'reporter': '6.3.2', 'commons': '3.4.4', 'apiClientV1': '1.2.1', 'apiClientV2': '1.2.1'}
[Qase][13:02:45][debug] Preparing API client
[Qase][13:02:45][debug] API client prepared
[Qase][13:02:45][debug] Preparing API V2 client
[Qase][13:02:45][debug] API V2 client prepared
[Qase][13:02:45][debug] Getting environment local
[Qase][13:02:47][debug] Environment local not found
[Qase][13:02:47][debug] Getting project TD
[Qase][13:02:47][debug] Project TD found: {"title": "test-demo", "code": "TD", "counts": {"cases": 95, "suites": 60, "milestones": 0, "runs": {"total": 104, "active": 58}, "defects": {"total": 0, "open": 0}}}
[Qase][13:02:48][debug] Starting run
[Qase][13:02:48][debug] Run ID: 107
[Qase][13:02:48][debug] Completing run
[Qase][13:02:48][debug] Completing run 107
[Qase][13:02:49][debug] Run 107 already completed
[Qase][13:02:49][debug] Run completed
[Qase][13:02:49][info] Overhead for Qase Report: 910ms
[Qase][20:06:17][debug] Config: {
    "debug": true,
    "environment": "local",
    "exclude_params": [
        "browser_name"
    ],
    "execution_plan": {
        "path": "./build/qase-execution-plan.json"
    },
    "fallback": "report",
    "framework": {
        "playwright": {
            "output_dir": "test-results",
            "trace": "off",
            "video": "off"
        },
        "pytest": {
            "capture_logs": true,
            "xfail_status": {
                "xfail": "skipped",
                "xpass": "passed"
            }
        }
    },
    "mode": "testops",
    "profilers": [
        "network",
        "sleep"
    ],
    "report": {
        "connection": {
            "format": "json",
            "path": "./build/qase-report"
        },
        "driver": "local"
    },
    "testops": {
        "api": {
            "host": "qase.io",
            "token": "7b2c180e4c96555e7e77d2f18e51cef2c4a0ad40ff94ef60f212c72826973cdd"
        },
        "batch": {
            "size": 100
        },
        "defect": false,
        "plan": {},
        "project": "TD",
        "run": {
            "complete": true,
            "id": 114,
            "tags": [],
            "title": "pytestrun"
        }
    }
}
[Qase][20:06:18][debug] Host data: {'system': 'darwin', 'machineName': 'Ankitas-MacBook-Air.local', 'release': '24.5.0', 'version': '15.5', 'arch': 'arm64', 'python': '3.13.3', 'pip': '24.3.1', 'framework': '8.3.4', 'reporter': '6.3.3', 'commons': '3.5.0', 'apiClientV1': '1.2.1', 'apiClientV2': '1.2.1'}
[Qase][20:06:18][debug] Preparing API client
[Qase][20:06:18][debug] API client prepared
[Qase][20:06:18][debug] Preparing API V2 client
[Qase][20:06:18][debug] API V2 client prepared
[Qase][20:06:18][debug] Getting environment local
[Qase][20:06:19][debug] Environment local not found
[Qase][20:06:19][debug] Getting project TD
[Qase][20:06:20][debug] Project TD found: {"title": "test-demo", "code": "TD", "counts": {"cases": 100, "suites": 62, "milestones": 0, "runs": {"total": 111, "active": 60}, "defects": {"total": 0, "open": 0}}}
[Qase][20:06:20][debug] Starting run
[Qase][20:06:21][debug] Run ID: 114
[Qase][20:06:21][debug] Completing run
[Qase][20:06:21][debug] Completing run 114
[Qase][20:06:24][info] Test run link: https://app.qase.io/run/TD/dashboard/114
[Qase][20:06:24][debug] Run completed
[Qase][20:06:24][info] Overhead for Qase Report: 4060ms
[Qase][20:06:41][debug] Config: {
    "debug": true,
    "environment": "local",
    "exclude_params": [
        "browser_name"
    ],
    "execution_plan": {
        "path": "./build/qase-execution-plan.json"
    },
    "fallback": "report",
    "framework": {
        "playwright": {
            "output_dir": "test-results",
            "trace": "off",
            "video": "off"
        },
        "pytest": {
            "capture_logs": true,
            "xfail_status": {
                "xfail": "skipped",
                "xpass": "passed"
            }
        }
    },
    "mode": "testops",
    "profilers": [
        "network",
        "sleep"
    ],
    "report": {
        "connection": {
            "format": "json",
            "path": "./build/qase-report"
        },
        "driver": "local"
    },
    "testops": {
        "api": {
            "host": "qase.io",
            "token": "7b2c180e4c96555e7e77d2f18e51cef2c4a0ad40ff94ef60f212c72826973cdd"
        },
        "batch": {
            "size": 100
        },
        "defect": false,
        "plan": {},
        "project": "TD",
        "run": {
            "complete": true,
            "id": 114,
            "tags": [],
            "title": "pytestrun"
        }
    }
}
[Qase][20:06:42][debug] Host data: {'system': 'darwin', 'machineName': 'Ankitas-MacBook-Air.local', 'release': '24.5.0', 'version': '15.5', 'arch': 'arm64', 'python': '3.13.3', 'pip': '24.3.1', 'framework': '8.3.4', 'reporter': '6.3.3', 'commons': '3.5.0', 'apiClientV1': '1.2.1', 'apiClientV2': '1.2.1'}
[Qase][20:06:42][debug] Preparing API client
[Qase][20:06:42][debug] API client prepared
[Qase][20:06:42][debug] Preparing API V2 client
[Qase][20:06:42][debug] API V2 client prepared
[Qase][20:06:42][debug] Getting environment local
[Qase][20:06:43][debug] Environment local not found
[Qase][20:06:43][debug] Getting project TD
[Qase][20:06:44][debug] Project TD found: {"title": "test-demo", "code": "TD", "counts": {"cases": 100, "suites": 62, "milestones": 0, "runs": {"total": 111, "active": 59}, "defects": {"total": 0, "open": 0}}}
[Qase][20:06:44][debug] Starting run
[Qase][20:06:46][debug] Run ID: 114
[Qase][20:06:55][debug] Adding result {
    "attachments": [],
    "execution": {
        "duration": 9211,
        "end_time": 1748875015.745229,
        "stacktrace": null,
        "start_time": 1748875006.53383,
        "status": "passed",
        "thread": "36275-MainThread"
    },
    "fields": {},
    "id": "bc32badc-657a-43c6-8a47-cbbf4b60622b",
    "message": null,
    "muted": false,
    "param_groups": [],
    "params": {
        "browser_name": "chromium"
    },
    "relations": {
        "suite": {
            "data": [
                {
                    "public_id": null,
                    "title": "tests"
                },
                {
                    "public_id": null,
                    "title": "test_example"
                }
            ]
        }
    },
    "signature": "577::tests::test_example.py::test_playwright_page_duplication[chromium]::{browser_name:chromium}",
    "steps": [],
    "testops_ids": [
        577
    ],
    "title": "test_playwright_page_duplication"
}
[Qase][20:06:55][debug] Result test_playwright_page_duplication added
[Qase][20:06:55][debug] Prepared result: {"title": "test_playwright_page_duplication", "signature": "577::tests::test_example.py::test_playwright_page_duplication[chromium]::{browser_name:chromium}", "testops_ids": [577], "execution": {"start_time": 1748875006.53383, "end_time": 1748875015.745229, "status": "passed", "duration": 9211, "thread": "36275-MainThread", "stacktrace": null}, "fields": {}, "attachments": [], "steps": [], "steps_type": "classic", "params": {}, "param_groups": [], "relations": {"suite": {"data": [{"title": "tests"}, {"title": "test_example"}]}}, "defect": false, "message": null}
[Qase][20:06:55][debug] Sending results for run 114: [ResultCreate(id=None, title='test_playwright_page_duplication', signature='577::tests::test_example.py::test_playwright_page_duplication[chromium]::{browser_name:chromium}', testops_id=None, testops_ids=[577], execution=ResultExecution(start_time=1748875006.53383, end_time=1748875015.745229, status='passed', duration=9211, stacktrace=None, thread='36275-MainThread'), fields=ResultCreateFields(author=None, description=None, preconditions=None, postconditions=None, layer=None, severity=None, priority=None, behavior=None, type=None, muted=None, is_flaky=None, executed_by=None, additional_properties={}), attachments=[], steps=[], steps_type=<ResultStepsType.CLASSIC: 'classic'>, params={}, param_groups=[], relations=ResultRelations(suite=RelationSuite(data=[RelationSuiteItem(title='tests', public_id=None), RelationSuiteItem(title='test_example', public_id=None)])), message=None, defect=False)]
[Qase][20:06:57][debug] Results for run 114 sent successfully
[Qase][20:06:57][debug] Completing run
[Qase][20:06:57][debug] Completing run 114
[Qase][20:06:59][debug] Run 114 already completed
[Qase][20:06:59][debug] Run completed
[Qase][20:06:59][info] Overhead for Qase Report: 5912ms
[Qase][20:10:08][debug] Config: {
    "debug": true,
    "environment": "local",
    "exclude_params": [],
    "execution_plan": {
        "path": "./build/qase-execution-plan.json"
    },
    "fallback": "report",
    "framework": {
        "playwright": {
            "output_dir": "test-results",
            "trace": "off",
            "video": "off"
        },
        "pytest": {
            "capture_logs": true,
            "xfail_status": {
                "xfail": "skipped",
                "xpass": "passed"
            }
        }
    },
    "mode": "testops",
    "profilers": [
        "network",
        "sleep"
    ],
    "report": {
        "connection": {
            "format": "json",
            "path": "./build/qase-report"
        },
        "driver": "local"
    },
    "testops": {
        "api": {
            "host": "qase.io",
            "token": "7b2c180e4c96555e7e77d2f18e51cef2c4a0ad40ff94ef60f212c72826973cdd"
        },
        "batch": {
            "size": 100
        },
        "defect": false,
        "plan": {},
        "project": "TD",
        "run": {
            "complete": true,
            "id": 115,
            "tags": [],
            "title": "pytestrun"
        }
    }
}
[Qase][20:10:09][debug] Host data: {'system': 'darwin', 'machineName': 'Ankitas-MacBook-Air.local', 'release': '24.5.0', 'version': '15.5', 'arch': 'arm64', 'python': '3.13.3', 'pip': '24.3.1', 'framework': '8.3.4', 'reporter': '6.3.3', 'commons': '3.5.0', 'apiClientV1': '1.2.1', 'apiClientV2': '1.2.1'}
[Qase][20:10:09][debug] Preparing API client
[Qase][20:10:09][debug] API client prepared
[Qase][20:10:09][debug] Preparing API V2 client
[Qase][20:10:09][debug] API V2 client prepared
[Qase][20:10:09][debug] Getting environment local
[Qase][20:10:11][debug] Environment local not found
[Qase][20:10:11][debug] Getting project TD
[Qase][20:10:12][debug] Project TD found: {"title": "test-demo", "code": "TD", "counts": {"cases": 100, "suites": 62, "milestones": 0, "runs": {"total": 112, "active": 60}, "defects": {"total": 0, "open": 0}}}
[Qase][20:10:12][debug] Starting run
[Qase][20:10:13][debug] Run ID: 115
[Qase][20:10:13][debug] Completing run
[Qase][20:10:13][debug] Completing run 115
[Qase][20:10:47][info] Test run link: https://app.qase.io/run/TD/dashboard/115
[Qase][20:10:47][debug] Run completed
[Qase][20:10:47][info] Overhead for Qase Report: 34375ms
[Qase][20:38:45][debug] Config: {
    "debug": true,
    "environment": "local",
    "exclude_params": [],
    "execution_plan": {
        "path": "./build/qase-execution-plan.json"
    },
    "fallback": "report",
    "framework": {
        "playwright": {
            "output_dir": "test-results",
            "trace": "off",
            "video": "off"
        },
        "pytest": {
            "capture_logs": true,
            "xfail_status": {
                "xfail": "skipped",
                "xpass": "passed"
            }
        }
    },
    "mode": "testops",
    "profilers": [
        "network",
        "sleep"
    ],
    "report": {
        "connection": {
            "format": "json",
            "path": "./build/qase-report"
        },
        "driver": "local"
    },
    "testops": {
        "api": {
            "host": "qase.io",
            "token": "7b2c180e4c96555e7e77d2f18e51cef2c4a0ad40ff94ef60f212c72826973cdd"
        },
        "batch": {
            "size": 100
        },
        "defect": false,
        "plan": {},
        "project": "TD",
        "run": {
            "complete": true,
            "id": 115,
            "tags": [],
            "title": "pytestrun"
        }
    }
}
[Qase][20:38:46][debug] Host data: {'system': 'darwin', 'machineName': 'Ankitas-MacBook-Air.local', 'release': '24.5.0', 'version': '15.5', 'arch': 'arm64', 'python': '3.13.3', 'pip': '24.3.1', 'framework': '8.3.4', 'reporter': '6.3.3', 'commons': '3.5.0', 'apiClientV1': '1.2.1', 'apiClientV2': '1.2.1'}
[Qase][20:38:46][debug] Preparing API client
[Qase][20:38:46][debug] API client prepared
[Qase][20:38:46][debug] Preparing API V2 client
[Qase][20:38:46][debug] API V2 client prepared
[Qase][20:38:46][debug] Getting environment local
[Qase][20:38:48][debug] Environment local not found
[Qase][20:38:48][debug] Getting project TD
[Qase][20:38:48][debug] Project TD found: {"title": "test-demo", "code": "TD", "counts": {"cases": 100, "suites": 62, "milestones": 0, "runs": {"total": 112, "active": 59}, "defects": {"total": 0, "open": 0}}}
[Qase][20:38:49][debug] Starting run
[Qase][20:38:50][debug] Run ID: 115
[Qase][20:38:50][debug] Completing run
[Qase][20:38:50][debug] Completing run 115
[Qase][20:38:50][debug] Run 115 already completed
[Qase][20:38:50][debug] Run completed
[Qase][20:38:50][info] Overhead for Qase Report: 1623ms
[Qase][20:39:40][debug] Config: {
    "debug": true,
    "environment": "local",
    "exclude_params": [],
    "execution_plan": {
        "path": "./build/qase-execution-plan.json"
    },
    "fallback": "report",
    "framework": {
        "playwright": {
            "output_dir": "test-results",
            "trace": "off",
            "video": "off"
        },
        "pytest": {
            "capture_logs": true,
            "xfail_status": {
                "xfail": "skipped",
                "xpass": "passed"
            }
        }
    },
    "mode": "testops",
    "profilers": [
        "network",
        "sleep"
    ],
    "report": {
        "connection": {
            "format": "json",
            "path": "./build/qase-report"
        },
        "driver": "local"
    },
    "testops": {
        "api": {
            "host": "qase.io",
            "token": "7b2c180e4c96555e7e77d2f18e51cef2c4a0ad40ff94ef60f212c72826973cdd"
        },
        "batch": {
            "size": 100
        },
        "defect": false,
        "plan": {},
        "project": "TD",
        "run": {
            "complete": true,
            "id": 115,
            "tags": [],
            "title": "pytestrun"
        }
    }
}
[Qase][20:39:41][debug] Host data: {'system': 'darwin', 'machineName': 'Ankitas-MacBook-Air.local', 'release': '24.5.0', 'version': '15.5', 'arch': 'arm64', 'python': '3.13.3', 'pip': '24.3.1', 'framework': '8.3.4', 'reporter': '6.3.3', 'commons': '3.5.0', 'apiClientV1': '1.2.1', 'apiClientV2': '1.2.1'}
[Qase][20:39:41][debug] Preparing API client
[Qase][20:39:41][debug] API client prepared
[Qase][20:39:41][debug] Preparing API V2 client
[Qase][20:39:41][debug] API V2 client prepared
[Qase][20:39:41][debug] Getting environment local
[Qase][20:39:42][debug] Environment local not found
[Qase][20:39:42][debug] Getting project TD
[Qase][20:39:42][debug] Project TD found: {"title": "test-demo", "code": "TD", "counts": {"cases": 100, "suites": 62, "milestones": 0, "runs": {"total": 112, "active": 59}, "defects": {"total": 0, "open": 0}}}
[Qase][20:39:43][debug] Starting run
[Qase][20:39:44][debug] Run ID: 115
[Qase][20:39:44][debug] Completing run
[Qase][20:39:44][debug] Completing run 115
[Qase][20:39:44][debug] Run 115 already completed
[Qase][20:39:44][debug] Run completed
[Qase][20:39:44][info] Overhead for Qase Report: 1565ms
[Qase][20:44:49][debug] Config: {
    "debug": true,
    "environment": "local",
    "exclude_params": [],
    "execution_plan": {
        "path": "./build/qase-execution-plan.json"
    },
    "fallback": "report",
    "framework": {
        "playwright": {
            "output_dir": "test-results",
            "trace": "off",
            "video": "off"
        },
        "pytest": {
            "capture_logs": true,
            "xfail_status": {
                "xfail": "skipped",
                "xpass": "passed"
            }
        }
    },
    "mode": "testops",
    "profilers": [
        "network",
        "sleep"
    ],
    "report": {
        "connection": {
            "format": "json",
            "path": "./build/qase-report"
        },
        "driver": "local"
    },
    "testops": {
        "api": {
            "host": "qase.io",
            "token": "7b2c180e4c96555e7e77d2f18e51cef2c4a0ad40ff94ef60f212c72826973cdd"
        },
        "batch": {
            "size": 100
        },
        "defect": false,
        "plan": {},
        "project": "TD",
        "run": {
            "complete": true,
            "id": 115,
            "tags": [],
            "title": "pytestrun"
        }
    }
}
[Qase][20:44:50][debug] Host data: {'system': 'darwin', 'machineName': 'Ankitas-MacBook-Air.local', 'release': '24.5.0', 'version': '15.5', 'arch': 'arm64', 'python': '3.13.3', 'pip': '24.3.1', 'framework': '8.3.4', 'reporter': '6.3.3', 'commons': '3.5.0', 'apiClientV1': '1.2.1', 'apiClientV2': '1.2.1'}
[Qase][20:44:50][debug] Preparing API client
[Qase][20:44:50][debug] API client prepared
[Qase][20:44:50][debug] Preparing API V2 client
[Qase][20:44:50][debug] API V2 client prepared
[Qase][20:44:50][debug] Getting environment local
[Qase][20:44:52][debug] Environment local not found
[Qase][20:44:52][debug] Getting project TD
[Qase][20:44:52][debug] Project TD found: {"title": "test-demo", "code": "TD", "counts": {"cases": 100, "suites": 62, "milestones": 0, "runs": {"total": 112, "active": 59}, "defects": {"total": 0, "open": 0}}}
[Qase][20:44:52][debug] Starting run
[Qase][20:44:52][debug] Run ID: 115
[Qase][20:44:53][debug] Completing run
[Qase][20:44:53][debug] Completing run 115
[Qase][20:44:53][debug] Run 115 already completed
[Qase][20:44:53][debug] Run completed
[Qase][20:44:53][info] Overhead for Qase Report: 966ms
[Qase][20:45:47][debug] Config: {
    "debug": true,
    "environment": "local",
    "exclude_params": [],
    "execution_plan": {
        "path": "./build/qase-execution-plan.json"
    },
    "fallback": "report",
    "framework": {
        "playwright": {
            "output_dir": "test-results",
            "trace": "off",
            "video": "off"
        },
        "pytest": {
            "capture_logs": true,
            "xfail_status": {
                "xfail": "skipped",
                "xpass": "passed"
            }
        }
    },
    "mode": "testops",
    "profilers": [
        "network",
        "sleep"
    ],
    "report": {
        "connection": {
            "format": "json",
            "path": "./build/qase-report"
        },
        "driver": "local"
    },
    "testops": {
        "api": {
            "host": "qase.io",
            "token": "7b2c180e4c96555e7e77d2f18e51cef2c4a0ad40ff94ef60f212c72826973cdd"
        },
        "batch": {
            "size": 100
        },
        "defect": false,
        "plan": {},
        "project": "TD",
        "run": {
            "complete": true,
            "id": 115,
            "tags": [],
            "title": "pytestrun"
        }
    }
}
[Qase][20:45:48][debug] Host data: {'system': 'darwin', 'machineName': 'Ankitas-MacBook-Air.local', 'release': '24.5.0', 'version': '15.5', 'arch': 'arm64', 'python': '3.13.3', 'pip': '24.3.1', 'framework': '8.3.4', 'reporter': '6.3.3', 'commons': '3.5.0', 'apiClientV1': '1.2.1', 'apiClientV2': '1.2.1'}
[Qase][20:45:48][debug] Preparing API client
[Qase][20:45:48][debug] API client prepared
[Qase][20:45:48][debug] Preparing API V2 client
[Qase][20:45:48][debug] API V2 client prepared
[Qase][20:45:48][debug] Getting environment local
[Qase][20:45:51][debug] Environment local not found
[Qase][20:45:51][debug] Getting project TD
[Qase][20:45:51][debug] Project TD found: {"title": "test-demo", "code": "TD", "counts": {"cases": 100, "suites": 62, "milestones": 0, "runs": {"total": 112, "active": 59}, "defects": {"total": 0, "open": 0}}}
[Qase][20:45:51][debug] Starting run
[Qase][20:45:52][debug] Run ID: 115
[Qase][20:45:52][debug] Completing run
[Qase][20:45:52][debug] Completing run 115
[Qase][20:45:52][debug] Run 115 already completed
[Qase][20:45:52][debug] Run completed
[Qase][20:45:52][info] Overhead for Qase Report: 924ms
